# JRE version: OpenJDK Runtime Environment (8.0_202) (build 1.8.0_202-release-1483-b49-5587405)
# Java VM: OpenJDK 64-Bit Server VM (25.202-b49-5587405 mixed mode bsd-amd64 compressed oops)
Heap:
 PSYoungGen      total 218624K, used 143125K [0x00000007a0000000, 0x00000007bca00000, 0x00000007c0000000)
  eden space 195584K, 61% used [0x00000007a0000000,0x00000007a75afbb8,0x00000007abf00000)
  from space 23040K, 98% used [0x00000007abf00000,0x00000007ad515ad0,0x00000007ad580000)
  to   space 133120K, 0% used [0x00000007b4800000,0x00000007b4800000,0x00000007bca00000)
 ParOldGen       total 464384K, used 406202K [0x0000000760000000, 0x000000077c580000, 0x00000007a0000000)
  object space 464384K, 87% used [0x0000000760000000,0x0000000778cae8f8,0x000000077c580000)
 Metaspace       used 166096K, capacity 176422K, committed 188492K, reserved 1214464K
  class space    used 20879K, capacity 22691K, committed 24192K, reserved 1048576K
GC Heap History (10 events):
Event: 11572.547 GC heap before
{Heap before GC invocations=87 (full 8):
 PSYoungGen      total 326144K, used 218905K [0x00000007a0000000, 0x00000007be900000, 0x00000007c0000000)
  eden space 175104K, 100% used [0x00000007a0000000,0x00000007aab00000,0x00000007aab00000)
  from space 151040K, 28% used [0x00000007b5580000,0x00000007b8046558,0x00000007be900000)
  to   space 162816K, 0% used [0x00000007aab00000,0x00000007aab00000,0x00000007b4a00000)
 ParOldGen       total 464384K, used 406170K [0x0000000760000000, 0x000000077c580000, 0x00000007a0000000)
  object space 464384K, 87% used [0x0000000760000000,0x0000000778ca68f8,0x000000077c580000)
 Metaspace       used 150608K, capacity 159192K, committed 188492K, reserved 1214464K
  class space    used 18689K, capacity 20191K, committed 24192K, reserved 1048576K
Event: 11572.661 GC heap after
Heap after GC invocations=87 (full 8):
 PSYoungGen      total 337920K, used 6777K [0x00000007a0000000, 0x00000007bef00000, 0x00000007c0000000)
  eden space 175104K, 0% used [0x00000007a0000000,0x00000007a0000000,0x00000007aab00000)
  from space 162816K, 4% used [0x00000007aab00000,0x00000007ab19e490,0x00000007b4a00000)
  to   space 158720K, 0% used [0x00000007b5400000,0x00000007b5400000,0x00000007bef00000)
 ParOldGen       total 464384K, used 406178K [0x0000000760000000, 0x000000077c580000, 0x00000007a0000000)
  object space 464384K, 87% used [0x0000000760000000,0x0000000778ca88f8,0x000000077c580000)
 Metaspace       used 150608K, capacity 159192K, committed 188492K, reserved 1214464K
  class space    used 18689K, capacity 20191K, committed 24192K, reserved 1048576K
}
Event: 13546.820 GC heap before
{Heap before GC invocations=88 (full 8):
 PSYoungGen      total 337920K, used 181881K [0x00000007a0000000, 0x00000007bef00000, 0x00000007c0000000)
  eden space 175104K, 100% used [0x00000007a0000000,0x00000007aab00000,0x00000007aab00000)
  from space 162816K, 4% used [0x00000007aab00000,0x00000007ab19e490,0x00000007b4a00000)
  to   space 158720K, 0% used [0x00000007b5400000,0x00000007b5400000,0x00000007bef00000)
 ParOldGen       total 464384K, used 406178K [0x0000000760000000, 0x000000077c580000, 0x00000007a0000000)
  object space 464384K, 87% used [0x0000000760000000,0x0000000778ca88f8,0x000000077c580000)
 Metaspace       used 150859K, capacity 159428K, committed 188492K, reserved 1214464K
  class space    used 18705K, capacity 20219K, committed 24192K, reserved 1048576K
Event: 13547.321 GC heap after
Heap after GC invocations=88 (full 8):
 PSYoungGen      total 332800K, used 5508K [0x00000007a0000000, 0x00000007be280000, 0x00000007c0000000)
  eden space 186880K, 0% used [0x00000007a0000000,0x00000007a0000000,0x00000007ab680000)
  from space 145920K, 3% used [0x00000007b5400000,0x00000007b5961338,0x00000007be280000)
  to   space 153600K, 0% used [0x00000007ab680000,0x00000007ab680000,0x00000007b4c80000)
 ParOldGen       total 464384K, used 406186K [0x0000000760000000, 0x000000077c580000, 0x00000007a0000000)
  object space 464384K, 87% used [0x0000000760000000,0x0000000778caa8f8,0x000000077c580000)
 Metaspace       used 150859K, capacity 159428K, committed 188492K, reserved 1214464K
  class space    used 18705K, capacity 20219K, committed 24192K, reserved 1048576K
}
Event: 13716.626 GC heap before
{Heap before GC invocations=89 (full 8):
 PSYoungGen      total 332800K, used 192388K [0x00000007a0000000, 0x00000007be280000, 0x00000007c0000000)
  eden space 186880K, 100% used [0x00000007a0000000,0x00000007ab680000,0x00000007ab680000)
  from space 145920K, 3% used [0x00000007b5400000,0x00000007b5961338,0x00000007be280000)
  to   space 153600K, 0% used [0x00000007ab680000,0x00000007ab680000,0x00000007b4c80000)
 ParOldGen       total 464384K, used 406186K [0x0000000760000000, 0x000000077c580000, 0x00000007a0000000)
  object space 464384K, 87% used [0x0000000760000000,0x0000000778caa8f8,0x000000077c580000)
 Metaspace       used 150961K, capacity 159632K, committed 188492K, reserved 1214464K
  class space    used 18710K, capacity 20221K, committed 24192K, reserved 1048576K
Event: 13716.805 GC heap after
Heap after GC invocations=89 (full 8):
 PSYoungGen      total 340480K, used 11077K [0x00000007a0000000, 0x00000007be080000, 0x00000007c0000000)
  eden space 186880K, 0% used [0x00000007a0000000,0x00000007a0000000,0x00000007ab680000)
  from space 153600K, 7% used [0x00000007ab680000,0x00000007ac151578,0x00000007b4c80000)
  to   space 147456K, 0% used [0x00000007b5080000,0x00000007b5080000,0x00000007be080000)
 ParOldGen       total 464384K, used 406194K [0x0000000760000000, 0x000000077c580000, 0x00000007a0000000)
  object space 464384K, 87% used [0x0000000760000000,0x0000000778cac8f8,0x000000077c580000)
 Metaspace       used 150961K, capacity 159632K, committed 188492K, reserved 1214464K
  class space    used 18710K, capacity 20221K, committed 24192K, reserved 1048576K
}
Event: 17302.809 GC heap before
{Heap before GC invocations=90 (full 8):
 PSYoungGen      total 340480K, used 197957K [0x00000007a0000000, 0x00000007be080000, 0x00000007c0000000)
  eden space 186880K, 100% used [0x00000007a0000000,0x00000007ab680000,0x00000007ab680000)
  from space 153600K, 7% used [0x00000007ab680000,0x00000007ac151578,0x00000007b4c80000)
  to   space 147456K, 0% used [0x00000007b5080000,0x00000007b5080000,0x00000007be080000)
 ParOldGen       total 464384K, used 406194K [0x0000000760000000, 0x000000077c580000, 0x00000007a0000000)
  object space 464384K, 87% used [0x0000000760000000,0x0000000778cac8f8,0x000000077c580000)
 Metaspace       used 151328K, capacity 160208K, committed 188492K, reserved 1214464K
  class space    used 18752K, capacity 20295K, committed 24192K, reserved 1048576K
Event: 17303.020 GC heap after
Heap after GC invocations=90 (full 8):
 PSYoungGen      total 330240K, used 5508K [0x00000007a0000000, 0x00000007bd400000, 0x00000007c0000000)
  eden space 195584K, 0% used [0x00000007a0000000,0x00000007a0000000,0x00000007abf00000)
  from space 134656K, 4% used [0x00000007b5080000,0x00000007b55e1338,0x00000007bd400000)
  to   space 141824K, 0% used [0x00000007abf00000,0x00000007abf00000,0x00000007b4980000)
 ParOldGen       total 464384K, used 406202K [0x0000000760000000, 0x000000077c580000, 0x00000007a0000000)
  object space 464384K, 87% used [0x0000000760000000,0x0000000778cae8f8,0x000000077c580000)
 Metaspace       used 151328K, capacity 160208K, committed 188492K, reserved 1214464K
  class space    used 18752K, capacity 20295K, committed 24192K, reserved 1048576K
}
Event: 19095.121 GC heap before
{Heap before GC invocations=91 (full 8):
 PSYoungGen      total 330240K, used 201092K [0x00000007a0000000, 0x00000007bd400000, 0x00000007c0000000)
  eden space 195584K, 100% used [0x00000007a0000000,0x00000007abf00000,0x00000007abf00000)
  from space 134656K, 4% used [0x00000007b5080000,0x00000007b55e1338,0x00000007bd400000)
  to   space 141824K, 0% used [0x00000007abf00000,0x00000007abf00000,0x00000007b4980000)
 ParOldGen       total 464384K, used 406202K [0x0000000760000000, 0x000000077c580000, 0x00000007a0000000)
  object space 464384K, 87% used [0x0000000760000000,0x0000000778cae8f8,0x000000077c580000)
 Metaspace       used 160063K, capacity 170072K, committed 188492K, reserved 1214464K
  class space    used 19900K, capacity 21630K, committed 24192K, reserved 1048576K
Event: 19095.453 GC heap after
Heap after GC invocations=91 (full 8):
 PSYoungGen      total 218624K, used 22614K [0x00000007a0000000, 0x00000007bca00000, 0x00000007c0000000)
  eden space 195584K, 0% used [0x00000007a0000000,0x00000007a0000000,0x00000007abf00000)
  from space 23040K, 98% used [0x00000007abf00000,0x00000007ad515ad0,0x00000007ad580000)
  to   space 133120K, 0% used [0x00000007b4800000,0x00000007b4800000,0x00000007bca00000)
 ParOldGen       total 464384K, used 406202K [0x0000000760000000, 0x000000077c580000, 0x00000007a0000000)
  object space 464384K, 87% used [0x0000000760000000,0x0000000778cae8f8,0x000000077c580000)
 Metaspace       used 160063K, capacity 170072K, committed 188492K, reserved 1214464K
  class space    used 19900K, capacity 21630K, committed 24192K, reserved 1048576K
}

